[I 2025-04-07 21:59:14,550] A new study created in RDB with name: adaboost-num_features-13
[I 2025-04-07 22:00:48,533] Trial 0 finished with value: 0.8176748889837822 and parameters: {'n_estimators': 58, 'learning_rate': 0.03213347717758001, 'criterion': 'entropy', 'max_depth': 14, 'min_samples_split': 55, 'min_samples_leaf': 16}. Best is trial 0 with value: 0.8176748889837822.
[I 2025-04-07 22:01:36,370] Trial 1 finished with value: 0.7536570596122385 and parameters: {'n_estimators': 24, 'learning_rate': 1.5653376191866881, 'criterion': 'gini', 'max_depth': 25, 'min_samples_split': 53, 'min_samples_leaf': 29}. Best is trial 0 with value: 0.8176748889837822.
[I 2025-04-07 22:03:23,693] Trial 2 finished with value: 0.8037980462551466 and parameters: {'n_estimators': 54, 'learning_rate': 0.000432471174566828, 'criterion': 'log_loss', 'max_depth': 24, 'min_samples_split': 31, 'min_samples_leaf': 26}. Best is trial 0 with value: 0.8176748889837822.
[I 2025-04-07 22:03:55,485] Trial 3 finished with value: 0.8054331257984645 and parameters: {'n_estimators': 14, 'learning_rate': 0.02509275493260828, 'criterion': 'log_loss', 'max_depth': 29, 'min_samples_split': 39, 'min_samples_leaf': 13}. Best is trial 0 with value: 0.8176748889837822.
[I 2025-04-07 22:05:33,158] Trial 4 finished with value: 0.7765898383477342 and parameters: {'n_estimators': 56, 'learning_rate': 3.5011515054910993, 'criterion': 'log_loss', 'max_depth': 12, 'min_samples_split': 63, 'min_samples_leaf': 31}. Best is trial 0 with value: 0.8176748889837822.
[I 2025-04-07 22:06:32,917] Trial 5 finished with value: 0.8048463345757308 and parameters: {'n_estimators': 33, 'learning_rate': 0.0013759363019401213, 'criterion': 'gini', 'max_depth': 31, 'min_samples_split': 2, 'min_samples_leaf': 30}. Best is trial 0 with value: 0.8176748889837822.
[I 2025-04-07 22:08:38,461] Trial 6 finished with value: 0.7462366776145265 and parameters: {'n_estimators': 58, 'learning_rate': 1.8923523952912318, 'criterion': 'log_loss', 'max_depth': 21, 'min_samples_split': 5, 'min_samples_leaf': 30}. Best is trial 0 with value: 0.8176748889837822.
[I 2025-04-07 22:10:24,140] Trial 7 finished with value: 0.7678711245367368 and parameters: {'n_estimators': 64, 'learning_rate': 9.666606531803755, 'criterion': 'entropy', 'max_depth': 11, 'min_samples_split': 18, 'min_samples_leaf': 28}. Best is trial 0 with value: 0.8176748889837822.
[I 2025-04-07 22:10:37,732] A new study created in RDB with name: adaboost-num_features-12
[I 2025-04-07 22:12:19,441] Trial 0 finished with value: 0.8170458351565122 and parameters: {'n_estimators': 58, 'learning_rate': 0.03213347717758001, 'criterion': 'entropy', 'max_depth': 14, 'min_samples_split': 55, 'min_samples_leaf': 16}. Best is trial 0 with value: 0.8170458351565122.
[I 2025-04-07 22:13:14,193] Trial 1 finished with value: 0.8087452136062743 and parameters: {'n_estimators': 28, 'learning_rate': 0.0045342577043341065, 'criterion': 'entropy', 'max_depth': 23, 'min_samples_split': 64, 'min_samples_leaf': 30}. Best is trial 0 with value: 0.8170458351565122.
[I 2025-04-07 22:15:05,403] Trial 2 finished with value: 0.8044274691113957 and parameters: {'n_estimators': 60, 'learning_rate': 0.00042651888573270606, 'criterion': 'entropy', 'max_depth': 20, 'min_samples_split': 15, 'min_samples_leaf': 31}. Best is trial 0 with value: 0.8170458351565122.
[I 2025-04-07 22:15:35,862] Trial 3 finished with value: 0.803295376066889 and parameters: {'n_estimators': 17, 'learning_rate': 0.0018279863593313342, 'criterion': 'log_loss', 'max_depth': 17, 'min_samples_split': 4, 'min_samples_leaf': 28}. Best is trial 0 with value: 0.8170458351565122.
[I 2025-04-07 22:15:54,369] Trial 4 finished with value: 0.7542439914174404 and parameters: {'n_estimators': 39, 'learning_rate': 0.00010930866206077807, 'criterion': 'entropy', 'max_depth': 3, 'min_samples_split': 54, 'min_samples_leaf': 25}. Best is trial 0 with value: 0.8170458351565122.
[I 2025-04-07 22:17:14,705] Trial 5 finished with value: 0.7840528519789618 and parameters: {'n_estimators': 38, 'learning_rate': 0.00016673465951470872, 'criterion': 'gini', 'max_depth': 22, 'min_samples_split': 39, 'min_samples_leaf': 3}. Best is trial 0 with value: 0.8170458351565122.
[I 2025-04-07 22:19:18,576] Trial 6 finished with value: 0.7940297613085416 and parameters: {'n_estimators': 60, 'learning_rate': 1.1057275009394425, 'criterion': 'gini', 'max_depth': 21, 'min_samples_split': 35, 'min_samples_leaf': 13}. Best is trial 0 with value: 0.8170458351565122.
[I 2025-04-07 22:20:55,807] Trial 7 finished with value: 0.804720390256932 and parameters: {'n_estimators': 49, 'learning_rate': 0.0006965585951950098, 'criterion': 'log_loss', 'max_depth': 15, 'min_samples_split': 27, 'min_samples_leaf': 25}. Best is trial 0 with value: 0.8170458351565122.
[I 2025-04-07 22:21:08,069] A new study created in RDB with name: adaboost-num_features-11
[I 2025-04-07 22:22:57,167] Trial 0 finished with value: 0.8158301834074028 and parameters: {'n_estimators': 58, 'learning_rate': 0.03213347717758001, 'criterion': 'entropy', 'max_depth': 14, 'min_samples_split': 55, 'min_samples_leaf': 16}. Best is trial 0 with value: 0.8158301834074028.
[I 2025-04-07 22:23:58,442] Trial 1 finished with value: 0.8150333444042026 and parameters: {'n_estimators': 40, 'learning_rate': 0.18729400424725126, 'criterion': 'gini', 'max_depth': 12, 'min_samples_split': 45, 'min_samples_leaf': 28}. Best is trial 0 with value: 0.8158301834074028.
[I 2025-04-07 22:25:14,701] Trial 2 finished with value: 0.7743260037148917 and parameters: {'n_estimators': 41, 'learning_rate': 1.4168914875759346, 'criterion': 'entropy', 'max_depth': 14, 'min_samples_split': 46, 'min_samples_leaf': 22}. Best is trial 0 with value: 0.8158301834074028.
[I 2025-04-07 22:27:12,876] Trial 3 finished with value: 0.80493029745493 and parameters: {'n_estimators': 62, 'learning_rate': 0.0005527466812641278, 'criterion': 'entropy', 'max_depth': 23, 'min_samples_split': 8, 'min_samples_leaf': 32}. Best is trial 0 with value: 0.8158301834074028.
[I 2025-04-07 22:28:35,205] Trial 4 finished with value: 0.8067747394391814 and parameters: {'n_estimators': 53, 'learning_rate': 0.00012105820327639174, 'criterion': 'log_loss', 'max_depth': 11, 'min_samples_split': 61, 'min_samples_leaf': 11}. Best is trial 0 with value: 0.8158301834074028.
[I 2025-04-07 22:29:16,517] Trial 5 finished with value: 0.8075296321483989 and parameters: {'n_estimators': 51, 'learning_rate': 0.15202311812150063, 'criterion': 'entropy', 'max_depth': 6, 'min_samples_split': 6, 'min_samples_leaf': 6}. Best is trial 0 with value: 0.8158301834074028.
[I 2025-04-07 22:30:03,009] Trial 6 finished with value: 0.8039243771757334 and parameters: {'n_estimators': 57, 'learning_rate': 0.0006765431961318864, 'criterion': 'gini', 'max_depth': 6, 'min_samples_split': 15, 'min_samples_leaf': 14}. Best is trial 0 with value: 0.8158301834074028.
[I 2025-04-07 22:30:35,342] Trial 7 finished with value: 0.6940439777106497 and parameters: {'n_estimators': 22, 'learning_rate': 9.228494227277993, 'criterion': 'entropy', 'max_depth': 9, 'min_samples_split': 2, 'min_samples_leaf': 26}. Best is trial 0 with value: 0.8158301834074028.
[I 2025-04-07 22:31:29,096] Trial 8 finished with value: 0.8141116681691418 and parameters: {'n_estimators': 61, 'learning_rate': 1.0179264055658497, 'criterion': 'entropy', 'max_depth': 6, 'min_samples_split': 28, 'min_samples_leaf': 27}. Best is trial 0 with value: 0.8158301834074028.
[I 2025-04-07 22:31:41,798] A new study created in RDB with name: adaboost-num_features-10
[I 2025-04-07 22:33:27,625] Trial 0 finished with value: 0.816500990227761 and parameters: {'n_estimators': 58, 'learning_rate': 0.03213347717758001, 'criterion': 'entropy', 'max_depth': 14, 'min_samples_split': 55, 'min_samples_leaf': 16}. Best is trial 0 with value: 0.816500990227761.
[I 2025-04-07 22:34:16,835] Trial 1 finished with value: 0.7736972310525585 and parameters: {'n_estimators': 25, 'learning_rate': 9.13565715933448, 'criterion': 'entropy', 'max_depth': 27, 'min_samples_split': 64, 'min_samples_leaf': 29}. Best is trial 0 with value: 0.816500990227761.
[I 2025-04-07 22:35:38,137] Trial 2 finished with value: 0.8082417526416323 and parameters: {'n_estimators': 35, 'learning_rate': 0.08813461421763225, 'criterion': 'log_loss', 'max_depth': 31, 'min_samples_split': 46, 'min_samples_leaf': 12}. Best is trial 0 with value: 0.816500990227761.
[I 2025-04-07 22:35:47,385] Trial 3 finished with value: 0.7982223522610055 and parameters: {'n_estimators': 31, 'learning_rate': 1.2872775235036444, 'criterion': 'log_loss', 'max_depth': 2, 'min_samples_split': 60, 'min_samples_leaf': 16}. Best is trial 0 with value: 0.816500990227761.
[I 2025-04-07 22:36:05,446] Trial 4 finished with value: 0.8041346006842852 and parameters: {'n_estimators': 17, 'learning_rate': 0.0004057726276035513, 'criterion': 'log_loss', 'max_depth': 8, 'min_samples_split': 54, 'min_samples_leaf': 13}. Best is trial 0 with value: 0.816500990227761.
[I 2025-04-07 22:36:52,214] Trial 5 finished with value: 0.80845190585895 and parameters: {'n_estimators': 22, 'learning_rate': 0.04856919095164962, 'criterion': 'log_loss', 'max_depth': 29, 'min_samples_split': 42, 'min_samples_leaf': 9}. Best is trial 0 with value: 0.816500990227761.
[I 2025-04-07 22:38:10,916] Trial 6 finished with value: 0.7962517550842529 and parameters: {'n_estimators': 50, 'learning_rate': 0.000351358190890662, 'criterion': 'gini', 'max_depth': 13, 'min_samples_split': 19, 'min_samples_leaf': 13}. Best is trial 0 with value: 0.816500990227761.
[I 2025-04-07 22:38:32,710] Trial 7 finished with value: 0.7946170269971058 and parameters: {'n_estimators': 11, 'learning_rate': 0.0003757697460850039, 'criterion': 'gini', 'max_depth': 19, 'min_samples_split': 56, 'min_samples_leaf': 6}. Best is trial 0 with value: 0.816500990227761.
[I 2025-04-07 22:39:16,403] Trial 8 finished with value: 0.784890582907632 and parameters: {'n_estimators': 21, 'learning_rate': 0.0001424279213772353, 'criterion': 'gini', 'max_depth': 32, 'min_samples_split': 34, 'min_samples_leaf': 8}. Best is trial 0 with value: 0.816500990227761.
[I 2025-04-07 22:40:46,040] Trial 9 finished with value: 0.8136915550354005 and parameters: {'n_estimators': 47, 'learning_rate': 0.07384476022773281, 'criterion': 'log_loss', 'max_depth': 16, 'min_samples_split': 4, 'min_samples_leaf': 26}. Best is trial 0 with value: 0.816500990227761.
[I 2025-04-07 22:42:50,296] Trial 10 finished with value: 0.805936446180638 and parameters: {'n_estimators': 63, 'learning_rate': 0.0037094285948929733, 'criterion': 'entropy', 'max_depth': 23, 'min_samples_split': 21, 'min_samples_leaf': 22}. Best is trial 0 with value: 0.816500990227761.
[I 2025-04-07 22:43:02,910] A new study created in RDB with name: adaboost-num_features-9
[I 2025-04-07 22:44:51,157] Trial 0 finished with value: 0.8175070862350434 and parameters: {'n_estimators': 58, 'learning_rate': 0.03213347717758001, 'criterion': 'entropy', 'max_depth': 14, 'min_samples_split': 55, 'min_samples_leaf': 16}. Best is trial 0 with value: 0.8175070862350434.
[I 2025-04-07 22:45:27,128] Trial 1 finished with value: 0.805936674627149 and parameters: {'n_estimators': 26, 'learning_rate': 0.0022188563978824544, 'criterion': 'log_loss', 'max_depth': 10, 'min_samples_split': 16, 'min_samples_leaf': 30}. Best is trial 0 with value: 0.8175070862350434.
[I 2025-04-07 22:46:50,641] Trial 2 finished with value: 0.7575983242569777 and parameters: {'n_estimators': 40, 'learning_rate': 2.091945122591112, 'criterion': 'log_loss', 'max_depth': 30, 'min_samples_split': 61, 'min_samples_leaf': 3}. Best is trial 0 with value: 0.8175070862350434.
[I 2025-04-07 22:48:33,173] Trial 3 finished with value: 0.8046786372638435 and parameters: {'n_estimators': 61, 'learning_rate': 0.0006584390496725909, 'criterion': 'gini', 'max_depth': 28, 'min_samples_split': 21, 'min_samples_leaf': 29}. Best is trial 0 with value: 0.8175070862350434.
[I 2025-04-07 22:49:08,263] Trial 4 finished with value: 0.8011152934395434 and parameters: {'n_estimators': 54, 'learning_rate': 0.13038372817442442, 'criterion': 'entropy', 'max_depth': 5, 'min_samples_split': 23, 'min_samples_leaf': 24}. Best is trial 0 with value: 0.8175070862350434.
[I 2025-04-07 22:49:37,557] Trial 5 finished with value: 0.7942395454968799 and parameters: {'n_estimators': 63, 'learning_rate': 6.804142036818244, 'criterion': 'gini', 'max_depth': 4, 'min_samples_split': 14, 'min_samples_leaf': 18}. Best is trial 0 with value: 0.8175070862350434.
[I 2025-04-07 22:49:56,085] Trial 6 finished with value: 0.7542439914174404 and parameters: {'n_estimators': 57, 'learning_rate': 2.5317582621390655, 'criterion': 'log_loss', 'max_depth': 2, 'min_samples_split': 64, 'min_samples_leaf': 30}. Best is trial 0 with value: 0.8175070862350434.
[I 2025-04-07 22:51:25,408] Trial 7 finished with value: 0.7716423546860529 and parameters: {'n_estimators': 40, 'learning_rate': 0.00043487079473031244, 'criterion': 'log_loss', 'max_depth': 23, 'min_samples_split': 21, 'min_samples_leaf': 8}. Best is trial 0 with value: 0.8175070862350434.
[I 2025-04-07 22:51:38,739] Trial 8 finished with value: 0.7772608033233697 and parameters: {'n_estimators': 48, 'learning_rate': 0.23556152539840808, 'criterion': 'gini', 'max_depth': 2, 'min_samples_split': 54, 'min_samples_leaf': 22}. Best is trial 0 with value: 0.8175070862350434.
[I 2025-04-07 22:51:47,461] Trial 9 finished with value: 0.7542439914174404 and parameters: {'n_estimators': 26, 'learning_rate': 0.0012012694603346316, 'criterion': 'log_loss', 'max_depth': 2, 'min_samples_split': 13, 'min_samples_leaf': 10}. Best is trial 0 with value: 0.8175070862350434.
[I 2025-04-07 22:52:18,886] Trial 10 finished with value: 0.8092899179525569 and parameters: {'n_estimators': 18, 'learning_rate': 0.0133518443983873, 'criterion': 'entropy', 'max_depth': 16, 'min_samples_split': 43, 'min_samples_leaf': 13}. Best is trial 0 with value: 0.8175070862350434.
[I 2025-04-07 22:52:30,572] Trial 11 finished with value: 0.8018273612143514 and parameters: {'n_estimators': 8, 'learning_rate': 0.011201476269214814, 'criterion': 'entropy', 'max_depth': 15, 'min_samples_split': 44, 'min_samples_leaf': 14}. Best is trial 0 with value: 0.8175070862350434.
[I 2025-04-07 22:52:43,884] Trial 12 finished with value: 0.801324304424306 and parameters: {'n_estimators': 8, 'learning_rate': 0.017015475724464667, 'criterion': 'entropy', 'max_depth': 17, 'min_samples_split': 39, 'min_samples_leaf': 14}. Best is trial 0 with value: 0.8175070862350434.
[I 2025-04-07 22:53:12,579] Trial 13 finished with value: 0.8142792600441779 and parameters: {'n_estimators': 22, 'learning_rate': 0.11140483880292369, 'criterion': 'entropy', 'max_depth': 11, 'min_samples_split': 49, 'min_samples_leaf': 18}. Best is trial 0 with value: 0.8175070862350434.
[I 2025-04-07 22:53:21,758] A new study created in RDB with name: adaboost-num_features-8
[I 2025-04-07 22:55:01,435] Trial 0 finished with value: 0.8157458163536072 and parameters: {'n_estimators': 58, 'learning_rate': 0.03213347717758001, 'criterion': 'entropy', 'max_depth': 14, 'min_samples_split': 55, 'min_samples_leaf': 16}. Best is trial 0 with value: 0.8157458163536072.
[I 2025-04-07 22:55:22,002] Trial 1 finished with value: 0.8082843842751479 and parameters: {'n_estimators': 50, 'learning_rate': 1.0844377339212297, 'criterion': 'log_loss', 'max_depth': 3, 'min_samples_split': 22, 'min_samples_leaf': 1}. Best is trial 0 with value: 0.8157458163536072.
[I 2025-04-07 22:56:05,873] Trial 2 finished with value: 0.7708045534661486 and parameters: {'n_estimators': 22, 'learning_rate': 0.00019364289395753484, 'criterion': 'entropy', 'max_depth': 24, 'min_samples_split': 8, 'min_samples_leaf': 9}. Best is trial 0 with value: 0.8157458163536072.
[I 2025-04-07 22:57:23,601] Trial 3 finished with value: 0.782878338174642 and parameters: {'n_estimators': 47, 'learning_rate': 8.233095721108228, 'criterion': 'gini', 'max_depth': 23, 'min_samples_split': 2, 'min_samples_leaf': 25}. Best is trial 0 with value: 0.8157458163536072.
[I 2025-04-07 22:57:37,992] Trial 4 finished with value: 0.7950774697264441 and parameters: {'n_estimators': 20, 'learning_rate': 0.0004252739220574571, 'criterion': 'entropy', 'max_depth': 5, 'min_samples_split': 35, 'min_samples_leaf': 11}. Best is trial 0 with value: 0.8157458163536072.
[I 2025-04-07 22:58:13,912] Trial 5 finished with value: 0.7942398969530508 and parameters: {'n_estimators': 22, 'learning_rate': 0.0008328427264207291, 'criterion': 'gini', 'max_depth': 15, 'min_samples_split': 2, 'min_samples_leaf': 16}. Best is trial 0 with value: 0.8157458163536072.
[I 2025-04-07 22:58:26,264] Trial 6 finished with value: 0.7542439914174404 and parameters: {'n_estimators': 28, 'learning_rate': 7.970536635574656, 'criterion': 'log_loss', 'max_depth': 3, 'min_samples_split': 63, 'min_samples_leaf': 20}. Best is trial 0 with value: 0.8157458163536072.
[I 2025-04-07 22:59:14,579] Trial 7 finished with value: 0.7995221953358251 and parameters: {'n_estimators': 30, 'learning_rate': 0.0006651132510740851, 'criterion': 'gini', 'max_depth': 31, 'min_samples_split': 45, 'min_samples_leaf': 22}. Best is trial 0 with value: 0.8157458163536072.
[I 2025-04-07 23:00:57,440] Trial 8 finished with value: 0.8091222030678609 and parameters: {'n_estimators': 63, 'learning_rate': 0.00598237551369702, 'criterion': 'entropy', 'max_depth': 24, 'min_samples_split': 56, 'min_samples_leaf': 27}. Best is trial 0 with value: 0.8157458163536072.
[I 2025-04-07 23:02:30,928] Trial 9 finished with value: 0.7827945334507197 and parameters: {'n_estimators': 45, 'learning_rate': 1.1612605509052372, 'criterion': 'entropy', 'max_depth': 25, 'min_samples_split': 35, 'min_samples_leaf': 29}. Best is trial 0 with value: 0.8157458163536072.
[I 2025-04-07 23:04:05,002] Trial 10 finished with value: 0.8149916617023483 and parameters: {'n_estimators': 63, 'learning_rate': 0.062130917236488184, 'criterion': 'entropy', 'max_depth': 12, 'min_samples_split': 49, 'min_samples_leaf': 14}. Best is trial 0 with value: 0.8157458163536072.
[I 2025-04-07 23:04:15,177] A new study created in RDB with name: adaboost-num_features-7
[I 2025-04-07 23:05:45,282] Trial 0 finished with value: 0.8150755542903134 and parameters: {'n_estimators': 58, 'learning_rate': 0.03213347717758001, 'criterion': 'entropy', 'max_depth': 14, 'min_samples_split': 55, 'min_samples_leaf': 16}. Best is trial 0 with value: 0.8150755542903134.
[I 2025-04-07 23:07:27,642] Trial 1 finished with value: 0.8054327040510595 and parameters: {'n_estimators': 49, 'learning_rate': 0.05077512492386119, 'criterion': 'entropy', 'max_depth': 30, 'min_samples_split': 25, 'min_samples_leaf': 16}. Best is trial 0 with value: 0.8150755542903134.
[I 2025-04-07 23:08:36,919] Trial 2 finished with value: 0.8009898060137666 and parameters: {'n_estimators': 50, 'learning_rate': 0.00020399203583837134, 'criterion': 'entropy', 'max_depth': 11, 'min_samples_split': 30, 'min_samples_leaf': 11}. Best is trial 0 with value: 0.8150755542903134.
[I 2025-04-07 23:09:45,393] Trial 3 finished with value: 0.7998156963840432 and parameters: {'n_estimators': 48, 'learning_rate': 0.00013679982117649174, 'criterion': 'gini', 'max_depth': 26, 'min_samples_split': 20, 'min_samples_leaf': 24}. Best is trial 0 with value: 0.8150755542903134.
[I 2025-04-07 23:10:12,898] Trial 4 finished with value: 0.6068251031084542 and parameters: {'n_estimators': 46, 'learning_rate': 3.4943525191064553, 'criterion': 'gini', 'max_depth': 5, 'min_samples_split': 38, 'min_samples_leaf': 25}. Best is trial 0 with value: 0.8150755542903134.
[I 2025-04-07 23:10:42,884] Trial 5 finished with value: 0.8041341437912631 and parameters: {'n_estimators': 25, 'learning_rate': 0.00018784567023496737, 'criterion': 'log_loss', 'max_depth': 9, 'min_samples_split': 25, 'min_samples_leaf': 21}. Best is trial 0 with value: 0.8150755542903134.
[I 2025-04-07 23:11:38,373] Trial 6 finished with value: 0.8068165978691212 and parameters: {'n_estimators': 34, 'learning_rate': 0.0001593490550127353, 'criterion': 'entropy', 'max_depth': 15, 'min_samples_split': 27, 'min_samples_leaf': 32}. Best is trial 0 with value: 0.8150755542903134.
[I 2025-04-07 23:12:56,673] Trial 7 finished with value: 0.8087449675869547 and parameters: {'n_estimators': 46, 'learning_rate': 0.007003995988163775, 'criterion': 'log_loss', 'max_depth': 25, 'min_samples_split': 18, 'min_samples_leaf': 29}. Best is trial 0 with value: 0.8150755542903134.
[I 2025-04-07 23:14:16,131] Trial 8 finished with value: 0.7488343428911839 and parameters: {'n_estimators': 62, 'learning_rate': 3.757436491544512, 'criterion': 'gini', 'max_depth': 12, 'min_samples_split': 9, 'min_samples_leaf': 28}. Best is trial 0 with value: 0.8150755542903134.
[I 2025-04-07 23:14:26,021] A new study created in RDB with name: adaboost-num_features-6
[I 2025-04-07 23:15:47,215] Trial 0 finished with value: 0.8153270387533148 and parameters: {'n_estimators': 58, 'learning_rate': 0.03213347717758001, 'criterion': 'entropy', 'max_depth': 14, 'min_samples_split': 55, 'min_samples_leaf': 16}. Best is trial 0 with value: 0.8153270387533148.
[I 2025-04-07 23:16:39,870] Trial 1 finished with value: 0.8038820091343458 and parameters: {'n_estimators': 43, 'learning_rate': 0.0006183654561082861, 'criterion': 'entropy', 'max_depth': 11, 'min_samples_split': 25, 'min_samples_leaf': 18}. Best is trial 0 with value: 0.8153270387533148.
[I 2025-04-07 23:17:30,995] Trial 2 finished with value: 0.8088285790099832 and parameters: {'n_estimators': 32, 'learning_rate': 0.23253214068800362, 'criterion': 'entropy', 'max_depth': 16, 'min_samples_split': 62, 'min_samples_leaf': 23}. Best is trial 0 with value: 0.8153270387533148.
[I 2025-04-07 23:18:01,880] Trial 3 finished with value: 0.7899214846914477 and parameters: {'n_estimators': 63, 'learning_rate': 0.03339796737632714, 'criterion': 'entropy', 'max_depth': 4, 'min_samples_split': 62, 'min_samples_leaf': 22}. Best is trial 0 with value: 0.8153270387533148.
[I 2025-04-07 23:18:15,173] Trial 4 finished with value: 0.7332846039352547 and parameters: {'n_estimators': 8, 'learning_rate': 6.485266744466933, 'criterion': 'gini', 'max_depth': 18, 'min_samples_split': 21, 'min_samples_leaf': 5}. Best is trial 0 with value: 0.8153270387533148.
[I 2025-04-07 23:18:30,243] Trial 5 finished with value: 0.8023731550747636 and parameters: {'n_estimators': 30, 'learning_rate': 0.26696608987143566, 'criterion': 'entropy', 'max_depth': 5, 'min_samples_split': 20, 'min_samples_leaf': 8}. Best is trial 0 with value: 0.8153270387533148.
[I 2025-04-07 23:18:55,350] Trial 6 finished with value: 0.8044689760851649 and parameters: {'n_estimators': 19, 'learning_rate': 0.001764671609661614, 'criterion': 'log_loss', 'max_depth': 14, 'min_samples_split': 51, 'min_samples_leaf': 18}. Best is trial 0 with value: 0.8153270387533148.
[I 2025-04-07 23:19:31,402] Trial 7 finished with value: 0.7775540759250765 and parameters: {'n_estimators': 28, 'learning_rate': 1.291656339335477, 'criterion': 'entropy', 'max_depth': 12, 'min_samples_split': 31, 'min_samples_leaf': 6}. Best is trial 0 with value: 0.8153270387533148.
[I 2025-04-07 23:19:41,579] Trial 8 finished with value: 0.7995218790252714 and parameters: {'n_estimators': 16, 'learning_rate': 0.0023572787575125496, 'criterion': 'log_loss', 'max_depth': 6, 'min_samples_split': 41, 'min_samples_leaf': 5}. Best is trial 0 with value: 0.8153270387533148.
[I 2025-04-07 23:21:21,998] Trial 9 finished with value: 0.7604486689476172 and parameters: {'n_estimators': 60, 'learning_rate': 1.7499922689787797, 'criterion': 'entropy', 'max_depth': 25, 'min_samples_split': 25, 'min_samples_leaf': 29}. Best is trial 0 with value: 0.8153270387533148.
[I 2025-04-07 23:22:33,559] Trial 10 finished with value: 0.8019951112446645 and parameters: {'n_estimators': 50, 'learning_rate': 0.013517304026985002, 'criterion': 'gini', 'max_depth': 32, 'min_samples_split': 5, 'min_samples_leaf': 12}. Best is trial 0 with value: 0.8153270387533148.
[I 2025-04-07 23:23:42,186] Trial 11 finished with value: 0.8086191989962412 and parameters: {'n_estimators': 42, 'learning_rate': 0.09296849471532127, 'criterion': 'entropy', 'max_depth': 18, 'min_samples_split': 61, 'min_samples_leaf': 26}. Best is trial 0 with value: 0.8153270387533148.
[I 2025-04-07 23:24:49,052] Trial 12 finished with value: 0.8105060793131141 and parameters: {'n_estimators': 49, 'learning_rate': 0.009870754388806836, 'criterion': 'entropy', 'max_depth': 23, 'min_samples_split': 50, 'min_samples_leaf': 32}. Best is trial 0 with value: 0.8153270387533148.
[I 2025-04-07 23:24:59,136] A new study created in RDB with name: adaboost-num_features-5
[I 2025-04-07 23:26:14,090] Trial 0 finished with value: 0.8152430583013069 and parameters: {'n_estimators': 58, 'learning_rate': 0.03213347717758001, 'criterion': 'entropy', 'max_depth': 14, 'min_samples_split': 55, 'min_samples_leaf': 16}. Best is trial 0 with value: 0.8152430583013069.
[I 2025-04-07 23:26:25,954] Trial 1 finished with value: 0.8120990016887468 and parameters: {'n_estimators': 12, 'learning_rate': 0.19695938577532673, 'criterion': 'entropy', 'max_depth': 10, 'min_samples_split': 54, 'min_samples_leaf': 11}. Best is trial 0 with value: 0.8152430583013069.
[I 2025-04-07 23:26:42,644] Trial 2 finished with value: 0.800654130225055 and parameters: {'n_estimators': 12, 'learning_rate': 0.761620263398808, 'criterion': 'entropy', 'max_depth': 15, 'min_samples_split': 5, 'min_samples_leaf': 29}. Best is trial 0 with value: 0.8152430583013069.
[I 2025-04-07 23:27:32,656] Trial 3 finished with value: 0.8136502589353338 and parameters: {'n_estimators': 52, 'learning_rate': 0.013361249574884547, 'criterion': 'gini', 'max_depth': 11, 'min_samples_split': 40, 'min_samples_leaf': 19}. Best is trial 0 with value: 0.8152430583013069.
[I 2025-04-07 23:28:22,880] Trial 4 finished with value: 0.801617577026013 and parameters: {'n_estimators': 31, 'learning_rate': 0.22908357564016335, 'criterion': 'entropy', 'max_depth': 26, 'min_samples_split': 5, 'min_samples_leaf': 23}. Best is trial 0 with value: 0.8152430583013069.
[I 2025-04-07 23:28:38,182] Trial 5 finished with value: 0.6914432020468807 and parameters: {'n_estimators': 15, 'learning_rate': 3.389393058713354, 'criterion': 'gini', 'max_depth': 12, 'min_samples_split': 37, 'min_samples_leaf': 28}. Best is trial 0 with value: 0.8152430583013069.
[I 2025-04-07 23:28:49,344] Trial 6 finished with value: 0.8025825175156969 and parameters: {'n_estimators': 8, 'learning_rate': 0.0010102461088071482, 'criterion': 'entropy', 'max_depth': 16, 'min_samples_split': 31, 'min_samples_leaf': 20}. Best is trial 0 with value: 0.8152430583013069.
[I 2025-04-07 23:29:07,418] Trial 7 finished with value: 0.7788952502455799 and parameters: {'n_estimators': 57, 'learning_rate': 0.08904163445457798, 'criterion': 'log_loss', 'max_depth': 3, 'min_samples_split': 62, 'min_samples_leaf': 32}. Best is trial 0 with value: 0.8152430583013069.
[I 2025-04-07 23:29:16,487] Trial 8 finished with value: 0.8068167735972066 and parameters: {'n_estimators': 8, 'learning_rate': 0.0006814758397086462, 'criterion': 'gini', 'max_depth': 20, 'min_samples_split': 55, 'min_samples_leaf': 26}. Best is trial 0 with value: 0.8152430583013069.
[I 2025-04-07 23:30:08,128] Trial 9 finished with value: 0.8105483243448417 and parameters: {'n_estimators': 52, 'learning_rate': 0.04222690450234554, 'criterion': 'log_loss', 'max_depth': 9, 'min_samples_split': 24, 'min_samples_leaf': 24}. Best is trial 0 with value: 0.8152430583013069.
[I 2025-04-07 23:31:16,039] Trial 10 finished with value: 0.801701891361383 and parameters: {'n_estimators': 38, 'learning_rate': 0.005596847027289275, 'criterion': 'entropy', 'max_depth': 29, 'min_samples_split': 46, 'min_samples_leaf': 2}. Best is trial 0 with value: 0.8152430583013069.
[I 2025-04-07 23:31:42,319] Trial 11 finished with value: 0.7919336591332038 and parameters: {'n_estimators': 63, 'learning_rate': 0.006398914225935907, 'criterion': 'gini', 'max_depth': 4, 'min_samples_split': 43, 'min_samples_leaf': 14}. Best is trial 0 with value: 0.8152430583013069.
[I 2025-04-07 23:32:34,873] Trial 12 finished with value: 0.8000663022066176 and parameters: {'n_estimators': 46, 'learning_rate': 0.005660643971426279, 'criterion': 'gini', 'max_depth': 22, 'min_samples_split': 22, 'min_samples_leaf': 9}. Best is trial 0 with value: 0.8152430583013069.
[I 2025-04-07 23:32:58,572] Trial 13 finished with value: 0.8050564702202399 and parameters: {'n_estimators': 44, 'learning_rate': 0.00011094345830095347, 'criterion': 'gini', 'max_depth': 7, 'min_samples_split': 63, 'min_samples_leaf': 18}. Best is trial 0 with value: 0.8152430583013069.
[I 2025-04-07 23:34:19,332] Trial 14 finished with value: 0.8130210820984043 and parameters: {'n_estimators': 64, 'learning_rate': 0.02110564562118106, 'criterion': 'log_loss', 'max_depth': 14, 'min_samples_split': 48, 'min_samples_leaf': 15}. Best is trial 0 with value: 0.8152430583013069.
[I 2025-04-07 23:35:04,902] Trial 15 finished with value: 0.7822491964833296 and parameters: {'n_estimators': 27, 'learning_rate': 0.945406529598515, 'criterion': 'entropy', 'max_depth': 20, 'min_samples_split': 34, 'min_samples_leaf': 5}. Best is trial 0 with value: 0.8152430583013069.
[I 2025-04-07 23:35:13,710] A new study created in RDB with name: adaboost-num_features-4
[I 2025-04-07 23:36:04,095] Trial 0 finished with value: 0.8140693177005627 and parameters: {'n_estimators': 58, 'learning_rate': 0.03213347717758001, 'criterion': 'entropy', 'max_depth': 14, 'min_samples_split': 55, 'min_samples_leaf': 16}. Best is trial 0 with value: 0.8140693177005627.
[I 2025-04-07 23:36:51,891] Trial 1 finished with value: 0.7758776475632665 and parameters: {'n_estimators': 58, 'learning_rate': 4.102023655948814, 'criterion': 'log_loss', 'max_depth': 26, 'min_samples_split': 58, 'min_samples_leaf': 15}. Best is trial 0 with value: 0.8140693177005627.
[I 2025-04-07 23:37:13,893] Trial 2 finished with value: 0.8098350089006277 and parameters: {'n_estimators': 24, 'learning_rate': 0.36517378759256675, 'criterion': 'entropy', 'max_depth': 13, 'min_samples_split': 54, 'min_samples_leaf': 7}. Best is trial 0 with value: 0.8140693177005627.
[I 2025-04-07 23:37:22,416] Trial 3 finished with value: 0.803546913248316 and parameters: {'n_estimators': 20, 'learning_rate': 0.0004340379748253525, 'criterion': 'entropy', 'max_depth': 6, 'min_samples_split': 57, 'min_samples_leaf': 20}. Best is trial 0 with value: 0.8140693177005627.
[I 2025-04-07 23:37:38,961] Trial 4 finished with value: 0.8030438916038879 and parameters: {'n_estimators': 22, 'learning_rate': 0.000256249093759256, 'criterion': 'gini', 'max_depth': 12, 'min_samples_split': 29, 'min_samples_leaf': 11}. Best is trial 0 with value: 0.8140693177005627.
[I 2025-04-07 23:38:23,482] Trial 5 finished with value: 0.8014918611537253 and parameters: {'n_estimators': 48, 'learning_rate': 0.06206575033782337, 'criterion': 'gini', 'max_depth': 19, 'min_samples_split': 20, 'min_samples_leaf': 7}. Best is trial 0 with value: 0.8140693177005627.
[I 2025-04-07 23:38:34,298] Trial 6 finished with value: 0.8102963829888183 and parameters: {'n_estimators': 14, 'learning_rate': 0.00014288343139924367, 'criterion': 'gini', 'max_depth': 29, 'min_samples_split': 40, 'min_samples_leaf': 25}. Best is trial 0 with value: 0.8140693177005627.
[I 2025-04-07 23:39:35,309] Trial 7 finished with value: 0.8028338613962299 and parameters: {'n_estimators': 61, 'learning_rate': 0.009293518967059967, 'criterion': 'entropy', 'max_depth': 18, 'min_samples_split': 7, 'min_samples_leaf': 10}. Best is trial 0 with value: 0.8140693177005627.
[I 2025-04-07 23:39:59,934] Trial 8 finished with value: 0.7197422244715417 and parameters: {'n_estimators': 31, 'learning_rate': 2.2273861022506094, 'criterion': 'log_loss', 'max_depth': 22, 'min_samples_split': 62, 'min_samples_leaf': 32}. Best is trial 0 with value: 0.8140693177005627.
[I 2025-04-07 23:40:10,491] Trial 9 finished with value: 0.7972577808003009 and parameters: {'n_estimators': 35, 'learning_rate': 0.00026064567277323073, 'criterion': 'gini', 'max_depth': 5, 'min_samples_split': 48, 'min_samples_leaf': 3}. Best is trial 0 with value: 0.8140693177005627.
[I 2025-04-07 23:40:37,331] Trial 10 finished with value: 0.8097514150504077 and parameters: {'n_estimators': 47, 'learning_rate': 0.004956460541377703, 'criterion': 'entropy', 'max_depth': 10, 'min_samples_split': 40, 'min_samples_leaf': 22}. Best is trial 0 with value: 0.8140693177005627.
[I 2025-04-07 23:40:43,554] Trial 11 finished with value: 0.8132306378402315 and parameters: {'n_estimators': 8, 'learning_rate': 0.0544534176338843, 'criterion': 'gini', 'max_depth': 31, 'min_samples_split': 37, 'min_samples_leaf': 28}. Best is trial 0 with value: 0.8140693177005627.
[I 2025-04-07 23:40:49,634] Trial 12 finished with value: 0.8146142856389738 and parameters: {'n_estimators': 8, 'learning_rate': 0.09586304350423745, 'criterion': 'gini', 'max_depth': 24, 'min_samples_split': 26, 'min_samples_leaf': 31}. Best is trial 12 with value: 0.8146142856389738.
[I 2025-04-07 23:41:55,397] Trial 13 finished with value: 0.7936527542741464 and parameters: {'n_estimators': 51, 'learning_rate': 0.33622379011226405, 'criterion': 'entropy', 'max_depth': 24, 'min_samples_split': 22, 'min_samples_leaf': 17}. Best is trial 12 with value: 0.8146142856389738.
[I 2025-04-07 23:42:30,240] Trial 14 finished with value: 0.8127696854994456 and parameters: {'n_estimators': 41, 'learning_rate': 0.004139737751982077, 'criterion': 'log_loss', 'max_depth': 15, 'min_samples_split': 8, 'min_samples_leaf': 31}. Best is trial 12 with value: 0.8146142856389738.
[I 2025-04-07 23:42:57,896] Trial 15 finished with value: 0.7980126910823269 and parameters: {'n_estimators': 30, 'learning_rate': 0.3009482600354782, 'criterion': 'gini', 'max_depth': 21, 'min_samples_split': 27, 'min_samples_leaf': 16}. Best is trial 12 with value: 0.8146142856389738.
[I 2025-04-07 23:43:38,458] Trial 16 finished with value: 0.8113439683970611 and parameters: {'n_estimators': 41, 'learning_rate': 0.0158898609833317, 'criterion': 'entropy', 'max_depth': 27, 'min_samples_split': 16, 'min_samples_leaf': 24}. Best is trial 12 with value: 0.8146142856389738.
[I 2025-04-07 23:43:40,120] Trial 17 finished with value: 0.7542439914174404 and parameters: {'n_estimators': 8, 'learning_rate': 0.0017379074360705797, 'criterion': 'gini', 'max_depth': 2, 'min_samples_split': 47, 'min_samples_leaf': 19}. Best is trial 12 with value: 0.8146142856389738.
[I 2025-04-07 23:44:43,303] Trial 18 finished with value: 0.8100446700793063 and parameters: {'n_estimators': 64, 'learning_rate': 0.12891979614885277, 'criterion': 'entropy', 'max_depth': 16, 'min_samples_split': 47, 'min_samples_leaf': 27}. Best is trial 12 with value: 0.8146142856389738.
[I 2025-04-07 23:45:16,757] Trial 19 finished with value: 0.7962934553589158 and parameters: {'n_estimators': 54, 'learning_rate': 1.23457953230198, 'criterion': 'log_loss', 'max_depth': 9, 'min_samples_split': 32, 'min_samples_leaf': 13}. Best is trial 12 with value: 0.8146142856389738.
[I 2025-04-07 23:45:17,742] A new study created in RDB with name: adaboost-num_features-3
[I 2025-04-07 23:45:22,061] Trial 0 finished with value: 0.8135244024805777 and parameters: {'n_estimators': 8, 'learning_rate': 0.09586304350423745, 'criterion': 'gini', 'max_depth': 24, 'min_samples_split': 26, 'min_samples_leaf': 31}. Best is trial 0 with value: 0.8135244024805777.
[I 2025-04-07 23:45:52,603] Trial 1 finished with value: 0.8113865824577682 and parameters: {'n_estimators': 54, 'learning_rate': 0.0005285128278837584, 'criterion': 'gini', 'max_depth': 30, 'min_samples_split': 60, 'min_samples_leaf': 13}. Best is trial 0 with value: 0.8135244024805777.
[I 2025-04-07 23:46:27,644] Trial 2 finished with value: 0.7950782956484455 and parameters: {'n_estimators': 48, 'learning_rate': 0.5160139362846363, 'criterion': 'log_loss', 'max_depth': 23, 'min_samples_split': 7, 'min_samples_leaf': 21}. Best is trial 0 with value: 0.8135244024805777.
[I 2025-04-07 23:46:49,813] Trial 3 finished with value: 0.8088711930706902 and parameters: {'n_estimators': 57, 'learning_rate': 0.003625926065464841, 'criterion': 'log_loss', 'max_depth': 9, 'min_samples_split': 40, 'min_samples_leaf': 11}. Best is trial 0 with value: 0.8135244024805777.
[I 2025-04-07 23:47:04,120] Trial 4 finished with value: 0.8086198316173485 and parameters: {'n_estimators': 52, 'learning_rate': 0.5403890608206268, 'criterion': 'entropy', 'max_depth': 5, 'min_samples_split': 45, 'min_samples_leaf': 17}. Best is trial 0 with value: 0.8135244024805777.
[I 2025-04-07 23:47:20,036] Trial 5 finished with value: 0.8019119391418494 and parameters: {'n_estimators': 27, 'learning_rate': 0.004911888085023397, 'criterion': 'gini', 'max_depth': 25, 'min_samples_split': 33, 'min_samples_leaf': 4}. Best is trial 0 with value: 0.8135244024805777.
[I 2025-04-07 23:47:27,541] Trial 6 finished with value: 0.8064398895724711 and parameters: {'n_estimators': 20, 'learning_rate': 0.004222749762588004, 'criterion': 'entropy', 'max_depth': 7, 'min_samples_split': 54, 'min_samples_leaf': 3}. Best is trial 0 with value: 0.8135244024805777.
[I 2025-04-07 23:47:43,623] Trial 7 finished with value: 0.7838426108976015 and parameters: {'n_estimators': 36, 'learning_rate': 1.4459876715934872, 'criterion': 'gini', 'max_depth': 14, 'min_samples_split': 16, 'min_samples_leaf': 28}. Best is trial 0 with value: 0.8135244024805777.
[I 2025-04-07 23:48:12,674] Trial 8 finished with value: 0.8128955419542017 and parameters: {'n_estimators': 51, 'learning_rate': 0.03676856561062844, 'criterion': 'entropy', 'max_depth': 19, 'min_samples_split': 23, 'min_samples_leaf': 23}. Best is trial 0 with value: 0.8135244024805777.
[I 2025-04-07 23:48:25,694] Trial 9 finished with value: 0.808535464563553 and parameters: {'n_estimators': 25, 'learning_rate': 0.0001549635233208808, 'criterion': 'entropy', 'max_depth': 32, 'min_samples_split': 54, 'min_samples_leaf': 12}. Best is trial 0 with value: 0.8135244024805777.
[I 2025-04-07 23:48:29,587] Trial 10 finished with value: 0.5517571929898553 and parameters: {'n_estimators': 8, 'learning_rate': 6.21699945261627, 'criterion': 'gini', 'max_depth': 15, 'min_samples_split': 26, 'min_samples_leaf': 31}. Best is trial 0 with value: 0.8135244024805777.
[I 2025-04-07 23:48:57,456] Trial 11 finished with value: 0.8140276349987083 and parameters: {'n_estimators': 41, 'learning_rate': 0.05145123150598001, 'criterion': 'entropy', 'max_depth': 21, 'min_samples_split': 22, 'min_samples_leaf': 25}. Best is trial 11 with value: 0.8140276349987083.
[I 2025-04-07 23:49:23,406] Trial 12 finished with value: 0.8132729707360019 and parameters: {'n_estimators': 38, 'learning_rate': 0.05053295868793145, 'criterion': 'entropy', 'max_depth': 24, 'min_samples_split': 2, 'min_samples_leaf': 26}. Best is trial 11 with value: 0.8140276349987083.
[I 2025-04-07 23:49:59,822] Trial 13 finished with value: 0.8118055885045715 and parameters: {'n_estimators': 64, 'learning_rate': 0.12145224592676088, 'criterion': 'gini', 'max_depth': 19, 'min_samples_split': 17, 'min_samples_leaf': 31}. Best is trial 11 with value: 0.8140276349987083.
[I 2025-04-07 23:50:05,359] Trial 14 finished with value: 0.812308715585851 and parameters: {'n_estimators': 8, 'learning_rate': 0.16384724855840943, 'criterion': 'log_loss', 'max_depth': 27, 'min_samples_split': 32, 'min_samples_leaf': 24}. Best is trial 11 with value: 0.8140276349987083.
[I 2025-04-07 23:50:32,350] Trial 15 finished with value: 0.8126441805008602 and parameters: {'n_estimators': 41, 'learning_rate': 0.013076882241339988, 'criterion': 'entropy', 'max_depth': 20, 'min_samples_split': 14, 'min_samples_leaf': 19}. Best is trial 11 with value: 0.8140276349987083.
[I 2025-04-07 23:50:40,601] Trial 16 finished with value: 0.5374338076234358 and parameters: {'n_estimators': 18, 'learning_rate': 3.9214145964966414, 'criterion': 'gini', 'max_depth': 11, 'min_samples_split': 25, 'min_samples_leaf': 32}. Best is trial 11 with value: 0.8140276349987083.
[I 2025-04-07 23:51:04,637] Trial 17 finished with value: 0.8093743728703953 and parameters: {'n_estimators': 34, 'learning_rate': 0.1712224696028841, 'criterion': 'entropy', 'max_depth': 28, 'min_samples_split': 40, 'min_samples_leaf': 28}. Best is trial 11 with value: 0.8140276349987083.
[I 2025-04-07 23:51:10,730] Trial 18 finished with value: 0.7542439914174404 and parameters: {'n_estimators': 44, 'learning_rate': 0.01310348909487534, 'criterion': 'gini', 'max_depth': 2, 'min_samples_split': 32, 'min_samples_leaf': 27}. Best is trial 11 with value: 0.8140276349987083.
[I 2025-04-07 23:51:31,138] Trial 19 finished with value: 0.8101705089612536 and parameters: {'n_estimators': 30, 'learning_rate': 0.0016499585775024144, 'criterion': 'log_loss', 'max_depth': 22, 'min_samples_split': 21, 'min_samples_leaf': 22}. Best is trial 11 with value: 0.8140276349987083.
[I 2025-04-07 23:51:40,220] Trial 20 finished with value: 0.8080321090357623 and parameters: {'n_estimators': 15, 'learning_rate': 0.5065190512941667, 'criterion': 'gini', 'max_depth': 16, 'min_samples_split': 8, 'min_samples_leaf': 29}. Best is trial 11 with value: 0.8140276349987083.
[I 2025-04-07 23:52:05,243] Trial 21 finished with value: 0.8146984769646839 and parameters: {'n_estimators': 39, 'learning_rate': 0.04371401449988921, 'criterion': 'entropy', 'max_depth': 24, 'min_samples_split': 2, 'min_samples_leaf': 26}. Best is trial 21 with value: 0.8146984769646839.
[I 2025-04-07 23:52:36,580] Trial 22 finished with value: 0.8102547881510066 and parameters: {'n_estimators': 46, 'learning_rate': 0.0714382362158316, 'criterion': 'entropy', 'max_depth': 26, 'min_samples_split': 11, 'min_samples_leaf': 25}. Best is trial 21 with value: 0.8146984769646839.
[I 2025-04-07 23:52:57,392] Trial 23 finished with value: 0.8128957001094786 and parameters: {'n_estimators': 32, 'learning_rate': 0.019811542368887856, 'criterion': 'entropy', 'max_depth': 22, 'min_samples_split': 2, 'min_samples_leaf': 20}. Best is trial 21 with value: 0.8146984769646839.
[I 2025-04-07 23:53:25,043] Trial 24 finished with value: 0.8077807475824208 and parameters: {'n_estimators': 41, 'learning_rate': 0.30399048199711504, 'criterion': 'entropy', 'max_depth': 20, 'min_samples_split': 29, 'min_samples_leaf': 30}. Best is trial 21 with value: 0.8146984769646839.
[I 2025-04-07 23:53:52,350] Trial 25 finished with value: 0.8134827022059147 and parameters: {'n_estimators': 39, 'learning_rate': 0.027676949989494604, 'criterion': 'entropy', 'max_depth': 28, 'min_samples_split': 20, 'min_samples_leaf': 25}. Best is trial 21 with value: 0.8146984769646839.
[I 2025-04-07 23:54:08,375] Trial 26 finished with value: 0.7870287895322294 and parameters: {'n_estimators': 24, 'learning_rate': 1.0830572826235563, 'criterion': 'entropy', 'max_depth': 17, 'min_samples_split': 38, 'min_samples_leaf': 17}. Best is trial 21 with value: 0.8146984769646839.
[I 2025-04-07 23:54:43,565] Trial 27 finished with value: 0.8132729180175764 and parameters: {'n_estimators': 61, 'learning_rate': 0.007387029632579327, 'criterion': 'entropy', 'max_depth': 13, 'min_samples_split': 11, 'min_samples_leaf': 32}. Best is trial 21 with value: 0.8146984769646839.
[I 2025-04-07 23:55:07,083] Trial 28 finished with value: 0.8059781113096838 and parameters: {'n_estimators': 30, 'learning_rate': 0.0810642424996313, 'criterion': 'log_loss', 'max_depth': 30, 'min_samples_split': 46, 'min_samples_leaf': 8}. Best is trial 21 with value: 0.8146984769646839.
[I 2025-04-07 23:55:14,149] Trial 29 finished with value: 0.8114703520360734 and parameters: {'n_estimators': 13, 'learning_rate': 0.0011704153839109566, 'criterion': 'gini', 'max_depth': 31, 'min_samples_split': 61, 'min_samples_leaf': 15}. Best is trial 21 with value: 0.8146984769646839.
[I 2025-04-07 23:55:46,568] Trial 30 finished with value: 0.7614965355207965 and parameters: {'n_estimators': 45, 'learning_rate': 1.8270158502877254, 'criterion': 'gini', 'max_depth': 29, 'min_samples_split': 28, 'min_samples_leaf': 27}. Best is trial 21 with value: 0.8146984769646839.
[I 2025-04-07 23:55:49,664] A new study created in RDB with name: adaboost-num_features-2
[I 2025-04-07 23:56:08,236] Trial 0 finished with value: 0.8097093808923823 and parameters: {'n_estimators': 39, 'learning_rate': 0.04371401449988921, 'criterion': 'entropy', 'max_depth': 24, 'min_samples_split': 2, 'min_samples_leaf': 26}. Best is trial 0 with value: 0.8097093808923823.
[I 2025-04-07 23:56:25,216] Trial 1 finished with value: 0.8071939739324957 and parameters: {'n_estimators': 36, 'learning_rate': 0.003187847002981537, 'criterion': 'log_loss', 'max_depth': 27, 'min_samples_split': 54, 'min_samples_leaf': 8}. Best is trial 0 with value: 0.8097093808923823.
[I 2025-04-07 23:56:41,633] Trial 2 finished with value: 0.8012407281468945 and parameters: {'n_estimators': 39, 'learning_rate': 0.23332418743686426, 'criterion': 'gini', 'max_depth': 20, 'min_samples_split': 41, 'min_samples_leaf': 13}. Best is trial 0 with value: 0.8097093808923823.
[I 2025-04-07 23:56:51,781] Trial 3 finished with value: 0.8047204254025491 and parameters: {'n_estimators': 22, 'learning_rate': 0.0005222403910879615, 'criterion': 'entropy', 'max_depth': 19, 'min_samples_split': 58, 'min_samples_leaf': 7}. Best is trial 0 with value: 0.8097093808923823.
[I 2025-04-07 23:57:19,254] Trial 4 finished with value: 0.630570571520452 and parameters: {'n_estimators': 53, 'learning_rate': 4.519487784831293, 'criterion': 'gini', 'max_depth': 30, 'min_samples_split': 3, 'min_samples_leaf': 2}. Best is trial 0 with value: 0.8097093808923823.
[I 2025-04-07 23:57:32,531] Trial 5 finished with value: 0.8062297890735792 and parameters: {'n_estimators': 40, 'learning_rate': 0.0009385770735365342, 'criterion': 'entropy', 'max_depth': 12, 'min_samples_split': 58, 'min_samples_leaf': 11}. Best is trial 0 with value: 0.8097093808923823.
[I 2025-04-07 23:57:34,016] Trial 6 finished with value: 0.7542439914174404 and parameters: {'n_estimators': 12, 'learning_rate': 0.012503435643504271, 'criterion': 'entropy', 'max_depth': 3, 'min_samples_split': 4, 'min_samples_leaf': 25}. Best is trial 0 with value: 0.8097093808923823.
[I 2025-04-07 23:57:58,508] Trial 7 finished with value: 0.7763379848557536 and parameters: {'n_estimators': 51, 'learning_rate': 1.5453526764871968, 'criterion': 'gini', 'max_depth': 20, 'min_samples_split': 3, 'min_samples_leaf': 19}. Best is trial 0 with value: 0.8097093808923823.
[I 2025-04-07 23:58:05,957] Trial 8 finished with value: 0.7931916437780836 and parameters: {'n_estimators': 41, 'learning_rate': 0.00029136064376612065, 'criterion': 'gini', 'max_depth': 4, 'min_samples_split': 29, 'min_samples_leaf': 11}. Best is trial 0 with value: 0.8097093808923823.
[I 2025-04-07 23:58:24,880] Trial 9 finished with value: 0.8044693099685271 and parameters: {'n_estimators': 50, 'learning_rate': 0.0011102319711764602, 'criterion': 'entropy', 'max_depth': 10, 'min_samples_split': 30, 'min_samples_leaf': 1}. Best is trial 0 with value: 0.8097093808923823.
[I 2025-04-07 23:58:55,806] Trial 10 finished with value: 0.8062298945104305 and parameters: {'n_estimators': 63, 'learning_rate': 0.08180678869056421, 'criterion': 'log_loss', 'max_depth': 26, 'min_samples_split': 19, 'min_samples_leaf': 32}. Best is trial 0 with value: 0.8097093808923823.
[I 2025-04-07 23:59:09,245] Trial 11 finished with value: 0.8084514841115451 and parameters: {'n_estimators': 30, 'learning_rate': 0.0191647499813819, 'criterion': 'log_loss', 'max_depth': 26, 'min_samples_split': 45, 'min_samples_leaf': 20}. Best is trial 0 with value: 0.8097093808923823.
[I 2025-04-07 23:59:21,505] Trial 12 finished with value: 0.8083677496788569 and parameters: {'n_estimators': 27, 'learning_rate': 0.017261381024732708, 'criterion': 'log_loss', 'max_depth': 24, 'min_samples_split': 43, 'min_samples_leaf': 22}. Best is trial 0 with value: 0.8097093808923823.
[I 2025-04-07 23:59:32,508] Trial 13 finished with value: 0.8045109575247645 and parameters: {'n_estimators': 22, 'learning_rate': 0.27466253345769626, 'criterion': 'log_loss', 'max_depth': 32, 'min_samples_split': 17, 'min_samples_leaf': 28}. Best is trial 0 with value: 0.8097093808923823.
[I 2025-04-07 23:59:47,406] Trial 14 finished with value: 0.8082415241951214 and parameters: {'n_estimators': 30, 'learning_rate': 0.005852631933769658, 'criterion': 'log_loss', 'max_depth': 25, 'min_samples_split': 43, 'min_samples_leaf': 18}. Best is trial 0 with value: 0.8097093808923823.
[I 2025-04-07 23:59:53,401] Trial 15 finished with value: 0.8096674170255914 and parameters: {'n_estimators': 15, 'learning_rate': 0.06196021081423373, 'criterion': 'entropy', 'max_depth': 15, 'min_samples_split': 18, 'min_samples_leaf': 25}. Best is trial 0 with value: 0.8097093808923823.
[I 2025-04-07 23:59:56,612] Trial 16 finished with value: 0.8075291401097597 and parameters: {'n_estimators': 8, 'learning_rate': 0.5164789223105009, 'criterion': 'entropy', 'max_depth': 14, 'min_samples_split': 14, 'min_samples_leaf': 29}. Best is trial 0 with value: 0.8097093808923823.
[I 2025-04-08 00:00:00,584] Trial 17 finished with value: 0.8060204090598372 and parameters: {'n_estimators': 16, 'learning_rate': 0.05667651576001926, 'criterion': 'entropy', 'max_depth': 8, 'min_samples_split': 12, 'min_samples_leaf': 24}. Best is trial 0 with value: 0.8097093808923823.
[I 2025-04-08 00:00:21,920] Trial 18 finished with value: 0.8096675224624426 and parameters: {'n_estimators': 47, 'learning_rate': 0.09608823662235379, 'criterion': 'entropy', 'max_depth': 16, 'min_samples_split': 23, 'min_samples_leaf': 27}. Best is trial 0 with value: 0.8097093808923823.
[I 2025-04-08 00:00:47,676] Trial 19 finished with value: 0.8089127527628849 and parameters: {'n_estimators': 59, 'learning_rate': 0.00011060090947607521, 'criterion': 'entropy', 'max_depth': 17, 'min_samples_split': 24, 'min_samples_leaf': 28}. Best is trial 0 with value: 0.8097093808923823.
[I 2025-04-08 00:01:09,733] Trial 20 finished with value: 0.7907596900859486 and parameters: {'n_estimators': 46, 'learning_rate': 1.157352669003376, 'criterion': 'entropy', 'max_depth': 22, 'min_samples_split': 9, 'min_samples_leaf': 32}. Best is trial 0 with value: 0.8097093808923823.
[I 2025-04-08 00:01:30,837] Trial 21 finished with value: 0.8092479892313829 and parameters: {'n_estimators': 46, 'learning_rate': 0.09978036331282071, 'criterion': 'entropy', 'max_depth': 15, 'min_samples_split': 24, 'min_samples_leaf': 25}. Best is trial 0 with value: 0.8097093808923823.
[I 2025-04-08 00:01:45,361] Trial 22 finished with value: 0.8090386267904496 and parameters: {'n_estimators': 34, 'learning_rate': 0.03599438577126229, 'criterion': 'entropy', 'max_depth': 16, 'min_samples_split': 35, 'min_samples_leaf': 22}. Best is trial 0 with value: 0.8097093808923823.
[I 2025-04-08 00:01:56,605] Trial 23 finished with value: 0.8078650970634079 and parameters: {'n_estimators': 44, 'learning_rate': 0.14284049173276947, 'criterion': 'entropy', 'max_depth': 7, 'min_samples_split': 23, 'min_samples_leaf': 15}. Best is trial 0 with value: 0.8097093808923823.
[I 2025-04-08 00:02:14,074] Trial 24 finished with value: 0.8090385564992154 and parameters: {'n_estimators': 55, 'learning_rate': 0.004512018869268214, 'criterion': 'entropy', 'max_depth': 13, 'min_samples_split': 10, 'min_samples_leaf': 29}. Best is trial 0 with value: 0.8097093808923823.
[I 2025-04-08 00:02:23,900] Trial 25 finished with value: 0.8006540072153954 and parameters: {'n_estimators': 21, 'learning_rate': 0.7187225841422241, 'criterion': 'entropy', 'max_depth': 18, 'min_samples_split': 18, 'min_samples_leaf': 26}. Best is trial 0 with value: 0.8097093808923823.
[I 2025-04-08 00:02:37,060] Trial 26 finished with value: 0.8087868260168944 and parameters: {'n_estimators': 33, 'learning_rate': 0.03823412935300375, 'criterion': 'entropy', 'max_depth': 22, 'min_samples_split': 8, 'min_samples_leaf': 21}. Best is trial 0 with value: 0.8097093808923823.
[I 2025-04-08 00:02:45,048] Trial 27 finished with value: 0.5550337310059905 and parameters: {'n_estimators': 26, 'learning_rate': 3.025720687071925, 'criterion': 'entropy', 'max_depth': 11, 'min_samples_split': 35, 'min_samples_leaf': 17}. Best is trial 0 with value: 0.8097093808923823.
[I 2025-04-08 00:02:50,871] Trial 28 finished with value: 0.5989006099521843 and parameters: {'n_estimators': 16, 'learning_rate': 8.568346500916412, 'criterion': 'entropy', 'max_depth': 22, 'min_samples_split': 29, 'min_samples_leaf': 23}. Best is trial 0 with value: 0.8097093808923823.
[I 2025-04-08 00:03:06,703] Trial 29 finished with value: 0.8016600856498688 and parameters: {'n_estimators': 37, 'learning_rate': 0.2700893670488445, 'criterion': 'gini', 'max_depth': 28, 'min_samples_split': 15, 'min_samples_leaf': 27}. Best is trial 0 with value: 0.8097093808923823.
[I 2025-04-08 00:03:21,251] Trial 30 finished with value: 0.8090804325019638 and parameters: {'n_estimators': 36, 'learning_rate': 0.00794808267679725, 'criterion': 'entropy', 'max_depth': 18, 'min_samples_split': 22, 'min_samples_leaf': 31}. Best is trial 0 with value: 0.8097093808923823.
[I 2025-04-08 00:03:40,818] Trial 31 finished with value: 0.8090387146544922 and parameters: {'n_estimators': 56, 'learning_rate': 0.11315294589469807, 'criterion': 'entropy', 'max_depth': 15, 'min_samples_split': 25, 'min_samples_leaf': 24}. Best is trial 0 with value: 0.8097093808923823.
[I 2025-04-08 00:03:58,298] Trial 32 finished with value: 0.8102962599791586 and parameters: {'n_estimators': 47, 'learning_rate': 0.06945176186853945, 'criterion': 'entropy', 'max_depth': 16, 'min_samples_split': 21, 'min_samples_leaf': 26}. Best is trial 32 with value: 0.8102962599791586.
[I 2025-04-08 00:04:08,451] Trial 33 finished with value: 0.8046370775716488 and parameters: {'n_estimators': 43, 'learning_rate': 0.0025419393061162027, 'criterion': 'entropy', 'max_depth': 9, 'min_samples_split': 7, 'min_samples_leaf': 30}. Best is trial 32 with value: 0.8102962599791586.
[I 2025-04-08 00:04:24,151] Trial 34 finished with value: 0.8094997197137038 and parameters: {'n_estimators': 46, 'learning_rate': 0.027555362253217752, 'criterion': 'entropy', 'max_depth': 13, 'min_samples_split': 20, 'min_samples_leaf': 26}. Best is trial 32 with value: 0.8102962599791586.
[I 2025-04-08 00:04:43,848] Trial 35 finished with value: 0.7987674256362675 and parameters: {'n_estimators': 50, 'learning_rate': 0.1976932690755205, 'criterion': 'gini', 'max_depth': 19, 'min_samples_split': 33, 'min_samples_leaf': 6}. Best is trial 32 with value: 0.8102962599791586.
[I 2025-04-08 00:04:58,964] Trial 36 finished with value: 0.8034627043497974 and parameters: {'n_estimators': 39, 'learning_rate': 0.054648135897966514, 'criterion': 'entropy', 'max_depth': 21, 'min_samples_split': 14, 'min_samples_leaf': 15}. Best is trial 32 with value: 0.8102962599791586.
[I 2025-04-08 00:05:15,658] Trial 37 finished with value: 0.8094577909925299 and parameters: {'n_estimators': 49, 'learning_rate': 0.01209829957916103, 'criterion': 'entropy', 'max_depth': 28, 'min_samples_split': 48, 'min_samples_leaf': 27}. Best is trial 32 with value: 0.8102962599791586.
[I 2025-04-08 00:05:29,089] Trial 38 finished with value: 0.8032113077508386 and parameters: {'n_estimators': 41, 'learning_rate': 0.46287068829236544, 'criterion': 'gini', 'max_depth': 16, 'min_samples_split': 27, 'min_samples_leaf': 20}. Best is trial 32 with value: 0.8102962599791586.
[I 2025-04-08 00:05:46,668] Trial 39 finished with value: 0.8107154417540474 and parameters: {'n_estimators': 53, 'learning_rate': 0.05865400209185355, 'criterion': 'entropy', 'max_depth': 12, 'min_samples_split': 38, 'min_samples_leaf': 30}. Best is trial 39 with value: 0.8107154417540474.
[I 2025-04-08 00:05:56,580] Trial 40 finished with value: 0.7969647190722963 and parameters: {'n_estimators': 59, 'learning_rate': 0.0018184365109209797, 'criterion': 'entropy', 'max_depth': 5, 'min_samples_split': 63, 'min_samples_leaf': 30}. Best is trial 39 with value: 0.8107154417540474.
=== Number of features: 14 ===

訓練集準確率: 0.8659288139856621
測試集準確率: 0.8076794097920859
10-fold CV 準確率:  0.8187649127246465

1  before_merged_pr_count            : 0.3420524391383019
2  before_closed_pr_count            : 0.20273395103062344
3  before_pr_count                   : 0.10616728627386711
4  opening_pr_count                  : 0.08121655692734979
5  user_account_age                  : 0.07906625621609437
6  opened_pr_count_in_30_days        : 0.05087628626062198
7  additions                         : 0.036876130611023766
8  deletions                         : 0.023605582274646365
9  changed_files                     : 0.020850127249973455
10 nature                            : 0.019804062889159507
11 commits                           : 0.01767923663754733
12 description_quality               : 0.009116921237894818
13 changes_quality                   : 0.008370283316363067
14 user_type                         : 0.001584879936533028

Removed feature: user_type

=== Number of features: 13 ===

訓練集準確率: 0.8637487947008762
測試集準確率: 0.8091884641180416
10-fold CV 準確率:  0.8176748889837822

1. before_merged_pr_count: 0.338927023934178
2. before_closed_pr_count: 0.20180762829822863
3. before_pr_count: 0.10821537517937463
4. opening_pr_count: 0.08562475868765324
5. user_account_age: 0.08037423790593208
6. opened_pr_count_in_30_days: 0.050074985044938666
7. additions: 0.03640470619613688
8. deletions: 0.02295255812030283
9. changed_files: 0.020056984570105536
10. nature: 0.019790334779826314
11. commits: 0.0179727247684876
12. description_quality: 0.009996400389005023
13. changes_quality: 0.007802282125830685

Removed feature: changes_quality

=== Number of features: 12 ===

訓練集準確率: 0.8640422588353667
測試集準確率: 0.8053319919517102
10-fold CV 準確率:  0.8170458351565122

1. before_merged_pr_count: 0.3419543189359528
2. before_closed_pr_count: 0.19884270365110943
3. before_pr_count: 0.10878442362075325
4. opening_pr_count: 0.08357251792589353
5. user_account_age: 0.0831456655241852
6. opened_pr_count_in_30_days: 0.05212027576343281
7. additions: 0.03803463170298398
8. deletions: 0.024833257703708006
9. nature: 0.020611749033259685
10. changed_files: 0.020446045828713223
11. commits: 0.01778926438621768
12. description_quality: 0.009865145923790513

Removed feature: description_quality

=== Number of features: 11 ===

訓練集準確率: 0.8629522491929736
測試集準確率: 0.8085177733065056
10-fold CV 準確率:  0.8158301834074028

1. before_merged_pr_count: 0.3437050930806451
2. before_closed_pr_count: 0.20203122191881415
3. before_pr_count: 0.10771869184536412
4. opening_pr_count: 0.0836307696448155
5. user_account_age: 0.08279222747992077
6. opened_pr_count_in_30_days: 0.05268326880404127
7. additions: 0.04057825564315656
8. deletions: 0.025241591547673872
9. nature: 0.02227264449206488
10. changed_files: 0.021025300735823864
11. commits: 0.01832093480768002

Removed feature: commits

=== Number of features: 10 ===

訓練集準確率: 0.8610656940426781
測試集準確率: 0.8063380281690141
10-fold CV 準確率:  0.816500990227761

1. before_merged_pr_count: 0.34723319645595746
2. before_closed_pr_count: 0.20876791578821624
3. before_pr_count: 0.10853490719002237
4. opening_pr_count: 0.08863850366721288
5. user_account_age: 0.08501149048995495
6. opened_pr_count_in_30_days: 0.05054041976299638
7. additions: 0.0378628267248124
8. deletions: 0.025873549000148592
9. changed_files: 0.025643928354286326
10. nature: 0.021893262566392402

Removed feature: nature

=== Number of features: 9 ===

訓練集準確率: 0.8600176078480695
測試集準確率: 0.8056673373574782
10-fold CV 準確率:  0.8175070862350434

1. before_merged_pr_count: 0.3509602341794281
2. before_closed_pr_count: 0.20917088838534942
3. before_pr_count: 0.11761164551908047
4. user_account_age: 0.09180100808551805
5. opening_pr_count: 0.08472897803246228
6. opened_pr_count_in_30_days: 0.0535123651055191
7. additions: 0.042253666543113765
8. deletions: 0.026075029780489818
9. changed_files: 0.023886184369039096

Removed feature: changed_files

=== Number of features: 8 ===

訓練集準確率: 0.8597660671613634
測試集準確率: 0.8070087189805499
10-fold CV 準確率:  0.8157458163536072

1. before_merged_pr_count: 0.357720740551153
2. before_closed_pr_count: 0.21033886722265566
3. before_pr_count: 0.11957199522502807
4. user_account_age: 0.0891794608825212
5. opening_pr_count: 0.08902180690779125
6. opened_pr_count_in_30_days: 0.05658940130055251
7. additions: 0.04947027917844949
8. deletions: 0.02810744873184892

Removed feature: deletions

=== Number of features: 7 ===

訓練集準確率: 0.8611914643860311
測試集準確率: 0.8086854460093896
10-fold CV 準確率:  0.8150755542903134

1. before_merged_pr_count: 0.35713753764154055
2. before_closed_pr_count: 0.20761935968281514
3. before_pr_count: 0.12687621954360745
4. user_account_age: 0.09784409398682929
5. opening_pr_count: 0.09252884385191172
6. opened_pr_count_in_30_days: 0.06298122765953139
7. additions: 0.05501271763376466

Removed feature: additions

=== Number of features: 6 ===

訓練集準確率: 0.8536452437848489
測試集準確率: 0.8058350100603622
10-fold CV 準確率:  0.8153270387533148

1. before_merged_pr_count: 0.37625465014072096
2. before_closed_pr_count: 0.2179117242559161
3. before_pr_count: 0.12955415200278056
4. opening_pr_count: 0.1071705843746566
5. user_account_age: 0.10183043994628813
6. opened_pr_count_in_30_days: 0.06727844927963776

Removed feature: opened_pr_count_in_30_days

=== Number of features: 5 ===

訓練集準確率: 0.8522198465601811
測試集準確率: 0.8041582830315225
10-fold CV 準確率:  0.8152430583013069

1. before_merged_pr_count: 0.3841410307620184
2. before_closed_pr_count: 0.23037519571592555
3. before_pr_count: 0.14031647455947915
4. opening_pr_count: 0.1310509658991001
5. user_account_age: 0.11411633306347678

Removed feature: user_account_age

=== Number of features: 4 ===

訓練集準確率: 0.8383431853435627
測試集準確率: 0.8026492287055668
10-fold CV 準確率:  0.8146142856389738

1. before_merged_pr_count: 0.547059462467696
2. before_pr_count: 0.22234930890079618
3. before_closed_pr_count: 0.12685749266676946
4. opening_pr_count: 0.10373373596473842

Removed feature: opening_pr_count

=== Number of features: 3 ===

訓練集準確率: 0.8401039701505052
測試集準確率: 0.7967806841046278
10-fold CV 準確率:  0.8146984769646839

1. before_merged_pr_count: 0.4705819705357721
2. before_closed_pr_count: 0.28406668066789365
3. before_pr_count: 0.24535134879633463

Removed feature: before_pr_count

=== Number of features: 2 ===

訓練集準確率: 0.8274850123674171
測試集準確率: 0.7997987927565392
10-fold CV 準確率:  0.8107154417540474

1. before_closed_pr_count: 0.5149723050419882
2. before_merged_pr_count: 0.48502769495801207

Removed feature: before_merged_pr_count

=== Final Result ===
訓練集準確率:  {'init': 0.8659288139856621, 13: 0.8637487947008762, 12: 0.8640422588353667, 11: 0.8629522491929736, 10: 0.8610656940426781, 9: 0.8600176078480695, 8: 0.8597660671613634, 7: 0.8611914643860311, 6: 0.8536452437848489, 5: 0.8522198465601811, 4: 0.8383431853435627, 3: 0.8401039701505052, 2: 0.8274850123674171}
測試集準確率:  {'init': 0.8076794097920859, 13: 0.8091884641180416, 12: 0.8053319919517102, 11: 0.8085177733065056, 10: 0.8063380281690141, 9: 0.8056673373574782, 8: 0.8070087189805499, 7: 0.8086854460093896, 6: 0.8058350100603622, 5: 0.8041582830315225, 4: 0.8026492287055668, 3: 0.7967806841046278, 2: 0.7997987927565392}
10-fold CV 準確率:  {'init': 0.8187649127246465, 13: 0.8176748889837822, 12: 0.8170458351565122, 11: 0.8158301834074028, 10: 0.816500990227761, 9: 0.8175070862350434, 8: 0.8157458163536072, 7: 0.8150755542903134, 6: 0.8153270387533148, 5: 0.8152430583013069, 4: 0.8146142856389738, 3: 0.8146984769646839, 2: 0.8107154417540474}

特徵重要性表:  {'init': [('before_merged_pr_count', 0.3420524391383019), ('before_closed_pr_count', 0.20273395103062344), ('before_pr_count', 0.10616728627386711), ('opening_pr_count', 0.08121655692734979), ('user_account_age', 0.07906625621609437), ('opened_pr_count_in_30_days', 0.05087628626062198), ('additions', 0.036876130611023766), ('deletions', 0.023605582274646365), ('changed_files', 0.020850127249973455), ('nature', 0.019804062889159507), ('commits', 0.01767923663754733), ('description_quality', 0.009116921237894818), ('changes_quality', 0.008370283316363067), ('user_type', 0.001584879936533028)], 13: [('before_merged_pr_count', 0.338927023934178), ('before_closed_pr_count', 0.20180762829822863), ('before_pr_count', 0.10821537517937463), ('opening_pr_count', 0.08562475868765324), ('user_account_age', 0.08037423790593208), ('opened_pr_count_in_30_days', 0.050074985044938666), ('additions', 0.03640470619613688), ('deletions', 0.02295255812030283), ('changed_files', 0.020056984570105536), ('nature', 0.019790334779826314), ('commits', 0.0179727247684876), ('description_quality', 0.009996400389005023), ('changes_quality', 0.007802282125830685)], 12: [('before_merged_pr_count', 0.3419543189359528), ('before_closed_pr_count', 0.19884270365110943), ('before_pr_count', 0.10878442362075325), ('opening_pr_count', 0.08357251792589353), ('user_account_age', 0.0831456655241852), ('opened_pr_count_in_30_days', 0.05212027576343281), ('additions', 0.03803463170298398), ('deletions', 0.024833257703708006), ('nature', 0.020611749033259685), ('changed_files', 0.020446045828713223), ('commits', 0.01778926438621768), ('description_quality', 0.009865145923790513)], 11: [('before_merged_pr_count', 0.3437050930806451), ('before_closed_pr_count', 0.20203122191881415), ('before_pr_count', 0.10771869184536412), ('opening_pr_count', 0.0836307696448155), ('user_account_age', 0.08279222747992077), ('opened_pr_count_in_30_days', 0.05268326880404127), ('additions', 0.04057825564315656), ('deletions', 0.025241591547673872), ('nature', 0.02227264449206488), ('changed_files', 0.021025300735823864), ('commits', 0.01832093480768002)], 10: [('before_merged_pr_count', 0.34723319645595746), ('before_closed_pr_count', 0.20876791578821624), ('before_pr_count', 0.10853490719002237), ('opening_pr_count', 0.08863850366721288), ('user_account_age', 0.08501149048995495), ('opened_pr_count_in_30_days', 0.05054041976299638), ('additions', 0.0378628267248124), ('deletions', 0.025873549000148592), ('changed_files', 0.025643928354286326), ('nature', 0.021893262566392402)], 9: [('before_merged_pr_count', 0.3509602341794281), ('before_closed_pr_count', 0.20917088838534942), ('before_pr_count', 0.11761164551908047), ('user_account_age', 0.09180100808551805), ('opening_pr_count', 0.08472897803246228), ('opened_pr_count_in_30_days', 0.0535123651055191), ('additions', 0.042253666543113765), ('deletions', 0.026075029780489818), ('changed_files', 0.023886184369039096)], 8: [('before_merged_pr_count', 0.357720740551153), ('before_closed_pr_count', 0.21033886722265566), ('before_pr_count', 0.11957199522502807), ('user_account_age', 0.0891794608825212), ('opening_pr_count', 0.08902180690779125), ('opened_pr_count_in_30_days', 0.05658940130055251), ('additions', 0.04947027917844949), ('deletions', 0.02810744873184892)], 7: [('before_merged_pr_count', 0.35713753764154055), ('before_closed_pr_count', 0.20761935968281514), ('before_pr_count', 0.12687621954360745), ('user_account_age', 0.09784409398682929), ('opening_pr_count', 0.09252884385191172), ('opened_pr_count_in_30_days', 0.06298122765953139), ('additions', 0.05501271763376466)], 6: [('before_merged_pr_count', 0.37625465014072096), ('before_closed_pr_count', 0.2179117242559161), ('before_pr_count', 0.12955415200278056), ('opening_pr_count', 0.1071705843746566), ('user_account_age', 0.10183043994628813), ('opened_pr_count_in_30_days', 0.06727844927963776)], 5: [('before_merged_pr_count', 0.3841410307620184), ('before_closed_pr_count', 0.23037519571592555), ('before_pr_count', 0.14031647455947915), ('opening_pr_count', 0.1310509658991001), ('user_account_age', 0.11411633306347678)], 4: [('before_merged_pr_count', 0.547059462467696), ('before_pr_count', 0.22234930890079618), ('before_closed_pr_count', 0.12685749266676946), ('opening_pr_count', 0.10373373596473842)], 3: [('before_merged_pr_count', 0.4705819705357721), ('before_closed_pr_count', 0.28406668066789365), ('before_pr_count', 0.24535134879633463)], 2: [('before_closed_pr_count', 0.5149723050419882), ('before_merged_pr_count', 0.48502769495801207)]}
